[debug] [2021-09-01T14:49:42.899Z] ----------------------------------------------------------------------
[debug] [2021-09-01T14:49:42.902Z] Command:       C:\Program Files\nodejs\node.exe C:\Users\Vahe\AppData\Roaming\npm\node_modules\firebase-tools\lib\bin\firebase.js init
[debug] [2021-09-01T14:49:42.903Z] CLI Version:   9.14.0
[debug] [2021-09-01T14:49:42.903Z] Platform:      win32
[debug] [2021-09-01T14:49:42.903Z] Node Version:  v14.15.4
[debug] [2021-09-01T14:49:42.903Z] Time:          Wed Sep 01 2021 18:49:42 GMT+0400 (Armenia Standard Time)
[debug] [2021-09-01T14:49:42.903Z] ----------------------------------------------------------------------
[debug] 
[debug] [2021-09-01T14:49:42.906Z] >>> [apiv2][query] GET https://firebase-public.firebaseio.com/cli.json [none]
[debug] [2021-09-01T14:49:42.924Z] > command requires scopes: ["email","openid","https://www.googleapis.com/auth/cloudplatformprojects.readonly","https://www.googleapis.com/auth/firebase","https://www.googleapis.com/auth/cloud-platform"]
[debug] [2021-09-01T14:49:42.924Z] > authorizing via signed-in user (sargsyan.vahe@gmail.com)
[info] 
     ######## #### ########  ######## ########     ###     ######  ########
     ##        ##  ##     ## ##       ##     ##  ##   ##  ##       ##
     ######    ##  ########  ######   ########  #########  ######  ######
     ##        ##  ##    ##  ##       ##     ## ##     ##       ## ##
     ##       #### ##     ## ######## ########  ##     ##  ######  ########

You're about to initialize a Firebase project in this directory:

  C:\Users\Vahe\Desktop\armenian-tax-calculator

Before we get started, keep in mind:

  * You are initializing within an existing Firebase project directory

[debug] [2021-09-01T14:49:43.709Z] <<< [apiv2][status] GET https://firebase-public.firebaseio.com/cli.json 200
[debug] [2021-09-01T14:49:43.710Z] <<< [apiv2][body] GET https://firebase-public.firebaseio.com/cli.json {"cloudBuildErrorAfter":1594252800000,"cloudBuildWarnAfter":1590019200000,"defaultNode10After":1594252800000,"minVersion":"3.0.5","node8DeploysDisabledAfter":1613390400000,"node8RuntimeDisabledAfter":1615809600000,"node8WarnAfter":1600128000000}
